<?xml version="1.0" encoding="UTF-8"?>
<!-- Generated by org.testng.reporters.JUnitReportReporter -->
<testsuite name="Automation.Fisdom.AppTest" tests="1" time="0.001" ignored="0" failures="0" timestamp="14 May 2020 08:00:40 GMT" skipped="0" hostname="Rohiths-MacBook-Pro.local" errors="0">
  <testcase name="testApp" time="0.001" classname="Automation.Fisdom.AppTest"/>
</testsuite> <!-- Automation.Fisdom.AppTest -->
