<?xml version="1.0" encoding="UTF-8"?>
<!-- Generated by org.testng.reporters.JUnitReportReporter -->
<testsuite name="Automation.Fisdom.Test" tests="4" time="39.402" ignored="0" failures="0" timestamp="14 May 2020 06:13:00 GMT" skipped="0" hostname="Rohiths-MacBook-Pro.local" errors="0">
  <testcase name="getBookingDetails" time="36.664" classname="Automation.Fisdom.Test"/>
  <testcase name="updateBooking" time="2.391" classname="Automation.Fisdom.Test"/>
  <testcase name="generateToken" time="0.007" classname="Automation.Fisdom.Test"/>
  <testcase name="createFlightBooking" time="0.340" classname="Automation.Fisdom.Test"/>
</testsuite> <!-- Automation.Fisdom.Test -->
