<?xml version="1.0" encoding="UTF-8"?>
<!-- Generated by org.testng.reporters.JUnitReportReporter -->
<testsuite name="Automation.Fisdom.FisdomTest" tests="5" time="1.103" ignored="0" failures="0" timestamp="14 May 2020 09:15:28 GMT" skipped="0" hostname="Rohiths-MacBook-Pro.local" errors="0">
  <testcase name="checkGeneratedAuthToken" time="0.007" classname="Automation.Fisdom.FisdomTest"/>
  <testcase name="createFlightBooking" time="0.273" classname="Automation.Fisdom.FisdomTest"/>
  <testcase name="getBookingDetails" time="0.298" classname="Automation.Fisdom.FisdomTest"/>
  <testcase name="updateBooking" time="0.305" classname="Automation.Fisdom.FisdomTest"/>
  <testcase name="partialUpdateBooking" time="0.220" classname="Automation.Fisdom.FisdomTest"/>
</testsuite> <!-- Automation.Fisdom.FisdomTest -->
